<?xml version="1.0" encoding="UTF-8"?>
<testng-results skipped="0" failed="0" ignored="0" total="1" passed="1">
  <reporter-output>
  </reporter-output>
  <suite name="jenkinsMavenPackage.JenkinsMavenClassTest" duration-ms="56" started-at="2018-12-12T14:35:14Z" finished-at="2018-12-12T14:35:14Z">
    <groups>
    </groups>
    <test name="Command line test" duration-ms="56" started-at="2018-12-12T14:35:14Z" finished-at="2018-12-12T14:35:14Z">
      <class name="jenkinsMavenPackage.JenkinsMavenClassTest">
        <test-method status="PASS" signature="test()[pri:0, instance:jenkinsMavenPackage.JenkinsMavenClassTest@6bdf28bb]" name="test" duration-ms="12" started-at="2018-12-12T14:35:14Z" finished-at="2018-12-12T14:35:14Z">
          <reporter-output>
          </reporter-output>
        </test-method> <!-- test -->
      </class> <!-- jenkinsMavenPackage.JenkinsMavenClassTest -->
    </test> <!-- Command line test -->
  </suite> <!-- jenkinsMavenPackage.JenkinsMavenClassTest -->
</testng-results>
