<?xml version="1.0" encoding="UTF-8"?>
<testng-results skipped="0" failed="0" ignored="0" total="1" passed="1">
  <reporter-output>
  </reporter-output>
  <suite name="Default suite" duration-ms="51" started-at="2018-12-12T14:31:58Z" finished-at="2018-12-12T14:31:58Z">
    <groups>
    </groups>
    <test name="Default test" duration-ms="51" started-at="2018-12-12T14:31:58Z" finished-at="2018-12-12T14:31:58Z">
      <class name="jenkinsMavenPackage.JenkinsMavenClass">
        <test-method status="PASS" signature="test()[pri:0, instance:jenkinsMavenPackage.JenkinsMavenClass@36d4b5c]" name="test" duration-ms="12" started-at="2018-12-12T14:31:58Z" finished-at="2018-12-12T14:31:58Z">
          <reporter-output>
          </reporter-output>
        </test-method> <!-- test -->
      </class> <!-- jenkinsMavenPackage.JenkinsMavenClass -->
    </test> <!-- Default test -->
  </suite> <!-- Default suite -->
</testng-results>
